# JRE version: OpenJDK Runtime Environment Microsoft-8297089 (17.0.8.1+1) (build 17.0.8.1+1-LTS)
# Java VM: OpenJDK 64-Bit Server VM Microsoft-8297089 (17.0.8.1+1-LTS, mixed mode, sharing, tiered, compressed oops, compressed class ptrs, g1 gc, windows-amd64)
GC Precious Log:
 CPUs: 4 total, 4 available
 Memory: 8060M
 Large Page Support: Disabled
 NUMA Support: Disabled
 Compressed Oops: Enabled (32-bit)
 Heap Region Size: 1M
 Heap Min Capacity: 256M
 Heap Initial Capacity: 256M
 Heap Max Capacity: 512M
 Pre-touch: Disabled
 Parallel Workers: 4
 Concurrent Workers: 1
 Concurrent Refinement Workers: 4
 Periodic GC: Disabled
Heap:
 garbage-first heap   total 386048K, used 235448K [0x00000000e0000000, 0x0000000100000000)
  region size 1024K, 19 young (19456K), 4 survivors (4096K)
 Metaspace       used 166888K, committed 169408K, reserved 524288K
  class space    used 21321K, committed 22400K, reserved 327680K
GC Heap History (20 events):
Event: 7395.929 GC heap before
{Heap before GC invocations=59 (full 2):
 garbage-first heap   total 334848K, used 256553K [0x00000000e0000000, 0x0000000100000000)
  region size 1024K, 65 young (66560K), 6 survivors (6144K)
 Metaspace       used 156219K, committed 157888K, reserved 524288K
  class space    used 20089K, committed 20928K, reserved 327680K
}
Event: 7395.942 GC heap after
{Heap after GC invocations=60 (full 2):
 garbage-first heap   total 334848K, used 199867K [0x00000000e0000000, 0x0000000100000000)
  region size 1024K, 6 young (6144K), 6 survivors (6144K)
 Metaspace       used 156219K, committed 157888K, reserved 524288K
  class space    used 20089K, committed 20928K, reserved 327680K
}
Event: 7396.742 GC heap before
{Heap before GC invocations=60 (full 2):
 garbage-first heap   total 334848K, used 210107K [0x00000000e0000000, 0x0000000100000000)
  region size 1024K, 16 young (16384K), 6 survivors (6144K)
 Metaspace       used 156219K, committed 157888K, reserved 524288K
  class space    used 20089K, committed 20928K, reserved 327680K
}
Event: 7396.751 GC heap after
{Heap after GC invocations=61 (full 2):
 garbage-first heap   total 334848K, used 195827K [0x00000000e0000000, 0x0000000100000000)
  region size 1024K, 2 young (2048K), 2 survivors (2048K)
 Metaspace       used 156219K, committed 157888K, reserved 524288K
  class space    used 20089K, committed 20928K, reserved 327680K
}
Event: 7404.004 GC heap before
{Heap before GC invocations=61 (full 2):
 garbage-first heap   total 334848K, used 279795K [0x00000000e0000000, 0x0000000100000000)
  region size 1024K, 83 young (84992K), 2 survivors (2048K)
 Metaspace       used 160230K, committed 161920K, reserved 524288K
  class space    used 20531K, committed 21376K, reserved 327680K
}
Event: 7404.022 GC heap after
{Heap after GC invocations=62 (full 2):
 garbage-first heap   total 334848K, used 201725K [0x00000000e0000000, 0x0000000100000000)
  region size 1024K, 8 young (8192K), 8 survivors (8192K)
 Metaspace       used 160230K, committed 161920K, reserved 524288K
  class space    used 20531K, committed 21376K, reserved 327680K
}
Event: 7406.020 GC heap before
{Heap before GC invocations=62 (full 2):
 garbage-first heap   total 334848K, used 279549K [0x00000000e0000000, 0x0000000100000000)
  region size 1024K, 84 young (86016K), 8 survivors (8192K)
 Metaspace       used 162569K, committed 164352K, reserved 524288K
  class space    used 20845K, committed 21696K, reserved 327680K
}
Event: 7406.149 GC heap after
{Heap after GC invocations=63 (full 2):
 garbage-first heap   total 334848K, used 208724K [0x00000000e0000000, 0x0000000100000000)
  region size 1024K, 7 young (7168K), 7 survivors (7168K)
 Metaspace       used 162569K, committed 164352K, reserved 524288K
  class space    used 20845K, committed 21696K, reserved 327680K
}
Event: 7566.823 GC heap before
{Heap before GC invocations=63 (full 2):
 garbage-first heap   total 334848K, used 280404K [0x00000000e0000000, 0x0000000100000000)
  region size 1024K, 78 young (79872K), 7 survivors (7168K)
 Metaspace       used 162626K, committed 164352K, reserved 524288K
  class space    used 20850K, committed 21696K, reserved 327680K
}
Event: 7566.841 GC heap after
{Heap after GC invocations=64 (full 2):
 garbage-first heap   total 334848K, used 212872K [0x00000000e0000000, 0x0000000100000000)
  region size 1024K, 5 young (5120K), 5 survivors (5120K)
 Metaspace       used 162626K, committed 164352K, reserved 524288K
  class space    used 20850K, committed 21696K, reserved 327680K
}
Event: 7568.150 GC heap before
{Heap before GC invocations=65 (full 2):
 garbage-first heap   total 384000K, used 277384K [0x00000000e0000000, 0x0000000100000000)
  region size 1024K, 69 young (70656K), 5 survivors (5120K)
 Metaspace       used 162660K, committed 164416K, reserved 524288K
  class space    used 20841K, committed 21696K, reserved 327680K
}
Event: 7568.171 GC heap after
{Heap after GC invocations=66 (full 2):
 garbage-first heap   total 384000K, used 214450K [0x00000000e0000000, 0x0000000100000000)
  region size 1024K, 6 young (6144K), 6 survivors (6144K)
 Metaspace       used 162660K, committed 164416K, reserved 524288K
  class space    used 20841K, committed 21696K, reserved 327680K
}
Event: 7599.593 GC heap before
{Heap before GC invocations=66 (full 2):
 garbage-first heap   total 384000K, used 225714K [0x00000000e0000000, 0x0000000100000000)
  region size 1024K, 18 young (18432K), 6 survivors (6144K)
 Metaspace       used 162852K, committed 164608K, reserved 524288K
  class space    used 20871K, committed 21760K, reserved 327680K
}
Event: 7599.609 GC heap after
{Heap after GC invocations=67 (full 2):
 garbage-first heap   total 384000K, used 211429K [0x00000000e0000000, 0x0000000100000000)
  region size 1024K, 1 young (1024K), 1 survivors (1024K)
 Metaspace       used 162852K, committed 164608K, reserved 524288K
  class space    used 20871K, committed 21760K, reserved 327680K
}
Event: 7634.999 GC heap before
{Heap before GC invocations=67 (full 2):
 garbage-first heap   total 384000K, used 318949K [0x00000000e0000000, 0x0000000100000000)
  region size 1024K, 107 young (109568K), 1 survivors (1024K)
 Metaspace       used 166494K, committed 168448K, reserved 524288K
  class space    used 21323K, committed 22272K, reserved 327680K
}
Event: 7635.013 GC heap after
{Heap after GC invocations=68 (full 2):
 garbage-first heap   total 384000K, used 218181K [0x00000000e0000000, 0x0000000100000000)
  region size 1024K, 8 young (8192K), 8 survivors (8192K)
 Metaspace       used 166494K, committed 168448K, reserved 524288K
  class space    used 21323K, committed 22272K, reserved 327680K
}
Event: 7744.391 GC heap before
{Heap before GC invocations=68 (full 2):
 garbage-first heap   total 384000K, used 319557K [0x00000000e0000000, 0x0000000100000000)
  region size 1024K, 108 young (110592K), 8 survivors (8192K)
 Metaspace       used 166710K, committed 168640K, reserved 524288K
  class space    used 21327K, committed 22272K, reserved 327680K
}
Event: 7744.435 GC heap after
{Heap after GC invocations=69 (full 2):
 garbage-first heap   total 384000K, used 220952K [0x00000000e0000000, 0x0000000100000000)
  region size 1024K, 4 young (4096K), 4 survivors (4096K)
 Metaspace       used 166710K, committed 168640K, reserved 524288K
  class space    used 21327K, committed 22272K, reserved 327680K
}
Event: 8019.912 GC heap before
{Heap before GC invocations=69 (full 2):
 garbage-first heap   total 384000K, used 322328K [0x00000000e0000000, 0x0000000100000000)
  region size 1024K, 104 young (106496K), 4 survivors (4096K)
 Metaspace       used 167314K, committed 169408K, reserved 524288K
  class space    used 21410K, committed 22400K, reserved 327680K
}
Event: 8019.923 GC heap after
{Heap after GC invocations=70 (full 2):
 garbage-first heap   total 384000K, used 221112K [0x00000000e0000000, 0x0000000100000000)
  region size 1024K, 4 young (4096K), 4 survivors (4096K)
 Metaspace       used 167314K, committed 169408K, reserved 524288K
  class space    used 21410K, committed 22400K, reserved 327680K
}

